<?xml version="1.0" encoding="UTF-8"?>
<!-- Generated by org.testng.reporters.JUnitReportReporter -->
<testsuite hostname="camilo-X455LA" failures="0" tests="2" name="com.jcastro.wiki.training.NewTest" time="0.014" errors="0" timestamp="2 Feb 2019 18:34:49 GMT">
  <testcase classname="com.jcastro.wiki.training.NewTest" name="f" time="0.003"/>
  <testcase classname="com.jcastro.wiki.training.NewTest" name="f" time="0.011"/>
</testsuite> <!-- com.jcastro.wiki.training.NewTest -->
