<?xml version="1.0" encoding="UTF-8"?>
<!-- Generated by org.testng.reporters.JUnitReportReporter -->
<testsuite hostname="camilo-X455LA" failures="0" tests="1" name="com.jcastro.wiki.test.WikiTest" time="2.598" errors="0" timestamp="4 Feb 2019 01:46:17 GMT">
  <testcase classname="com.jcastro.wiki.test.WikiTest" name="testWikiSearch" time="2.598"/>
</testsuite> <!-- com.jcastro.wiki.test.WikiTest -->
